
Запрос от: 09-03-2016 08:20:25
Array
(
    [_ym_uid] => 1457495833143512315
    [_ym_isad] => 0
    [platform-site10071] => null
    [utm_source-site10071] => null
    [utm_campaign-site10071] => null
    [utm_term-site10071] => null
    [utm_banner-site10071] => null
    [utm_phrase-site10071] => null
    [utm_content-site10071] => null
    [num-site10071] => null
    [ip-site10071] => de1l1d2e1c1e81940
    [wm-site10071] => null
    [offer-site10071] => null
    [referer_id-site10071] => 43803420
    [lptrack_sid-site10071] => Rq3XbhJQ5RU8xWv1
    [lptrack_params-site10071] => {"s":1457498649135,"p":1}
    [lp_tracker_id-site10071] => 10071
    [lpt_geo_done-site10071] => 1
    [vk_first_name-site10071] => %u0421%u0435%u0440%u0433%u0435%u0439
    [vk_last_name-site10071] => %u0420%u043E%u0441%u0442%u0443%u043D%u043E%u0432
    [vk_phone-site10071] => 
    [vk_id-site10071] => 36740829
    [vk_photo-site10071] => http://cs5839.vk.me/u36740829/d_c1fb77ba.jpg
    [_ym_visorc_30818991] => w
)
============================================================
Запрос от: 09-03-2016 11:18:04
Array
(
    [order_id] => 24933
    [order_number] => 24933C
    [order_new_status] => staraya-baza
    [order_old_status] => 
    [order_site_code] => russia-converse-ru
    [order_products_code] => 21611_1062703
    [order_products_quantity] => 1
    [order_products_price] => 9990.00
    [order_products_margin] => 9990
    [order_quantity] => 1
    [order_totalsumm] => 9990
    [order_marginsumm] => 9990
    [order_createdat] => 2016-03-09 11:18
    [order_utm_content] => tt1
    [order_utm_campaign] => tt2
    [order_utm_term] => tt3
    [order_utm_medium] => tt4
    [order_utm_source] => tt5
)
============================================================
Запрос от: 09-03-2016 18:13:26
Array
(
    [order_id] => 32450
    [order_number] => 32450C
    [order_new_status] => staraya-baza
    [order_old_status] => 
    [order_site_code] => russia-converse-ru
    [order_products_code] => 
    [order_products_quantity] => 
    [order_products_price] => 
    [order_products_margin] => 
    [order_quantity] => 0
    [order_totalsumm] => 0
    [order_marginsumm] => 0
    [order_createdat] => 2016-03-09 18:13
    [order_utm_content] => 
    [order_utm_campaign] => 
    [order_utm_term] => 
    [order_utm_medium] => 
    [order_utm_source] => 
)
============================================================
Запрос от: 10-03-2016 18:12:03
Array
(
    [order_id] => 32977
    [order_number] => 32977C
    [order_new_status] => staraya-baza
    [order_old_status] => 
    [order_site_code] => russia-converse-ru
    [order_products_code] => 
    [order_products_quantity] => 
    [order_products_price] => 
    [order_products_margin] => 
    [order_quantity] => 0
    [order_totalsumm] => 0
    [order_marginsumm] => 0
    [order_createdat] => 2016-03-10 18:12
    [order_utm_content] => 
    [order_utm_campaign] => 
    [order_utm_term] => 
    [order_utm_medium] => 
    [order_utm_source] => 
)
============================================================
Запрос от: 11-03-2016 15:59:02
Array
(
    [order_id] => 32995
    [order_number] => 32995C
    [order_new_status] => staraya-baza
    [order_old_status] => 
    [order_site_code] => russia-converse-ru
    [order_products_code] => 
    [order_products_quantity] => 
    [order_products_price] => 
    [order_products_margin] => 
    [order_quantity] => 0
    [order_totalsumm] => 0
    [order_marginsumm] => 0
    [order_createdat] => 2016-03-11 15:59
    [order_utm_content] => 
    [order_utm_campaign] => 
    [order_utm_term] => 
    [order_utm_medium] => 
    [order_utm_source] => 
)
============================================================
Запрос от: 12-03-2016 03:05:23
Array
(
    [order_id] => 33002
    [order_number] => 33002C
    [order_new_status] => staraya-baza
    [order_old_status] => 
    [order_site_code] => russia-converse-ru
    [order_products_code] => 21001
    [order_products_quantity] => 1
    [order_products_price] => 6990.00
    [order_products_margin] => 6990
    [order_quantity] => 1
    [order_totalsumm] => 3790
    [order_marginsumm] => 3790
    [order_createdat] => 2016-03-12 03:05
    [order_utm_content] => 
    [order_utm_campaign] => 
    [order_utm_term] => 
    [order_utm_medium] => 
    [order_utm_source] => 
)
============================================================
Запрос от: 12-03-2016 03:07:45
Array
(
    [order_id] => 33003
    [order_number] => 33003C
    [order_new_status] => staraya-baza
    [order_old_status] => 
    [order_site_code] => russia-converse-ru
    [order_products_code] => 21611
    [order_products_quantity] => 1
    [order_products_price] => 9990.00
    [order_products_margin] => 9990
    [order_quantity] => 1
    [order_totalsumm] => 3390
    [order_marginsumm] => 3390
    [order_createdat] => 2016-03-12 03:07
    [order_utm_content] => 
    [order_utm_campaign] => 
    [order_utm_term] => 
    [order_utm_medium] => 
    [order_utm_source] => 
)
============================================================
Запрос от: 12-03-2016 15:30:58
Array
(
    [order_id] => 33011
    [order_number] => 33011C
    [order_new_status] => staraya-baza
    [order_old_status] => 
    [order_site_code] => russia-converse-ru
    [order_products_code] => 21123
    [order_products_quantity] => 1
    [order_products_price] => 7990.00
    [order_products_margin] => 7990
    [order_quantity] => 1
    [order_totalsumm] => 4140
    [order_marginsumm] => 3825
    [order_createdat] => 2016-03-12 15:30
    [order_utm_content] => 
    [order_utm_campaign] => 
    [order_utm_term] => 
    [order_utm_medium] => 
    [order_utm_source] => 
)
============================================================
Запрос от: 12-03-2016 15:35:12
Array
(
    [order_id] => 33012
    [order_number] => 33012C
    [order_new_status] => staraya-baza
    [order_old_status] => 
    [order_site_code] => russia-converse-ru
    [order_products_code] => 21123
    [order_products_quantity] => 1
    [order_products_price] => 7990.00
    [order_products_margin] => 7990
    [order_quantity] => 1
    [order_totalsumm] => 3390
    [order_marginsumm] => 3390
    [order_createdat] => 2016-03-12 15:35
    [order_utm_content] => 
    [order_utm_campaign] => 
    [order_utm_term] => 
    [order_utm_medium] => 
    [order_utm_source] => 
)
============================================================
Запрос от: 12-03-2016 15:39:24
Array
(
    [order_id] => 33013
    [order_number] => 33013C
    [order_new_status] => staraya-baza
    [order_old_status] => 
    [order_site_code] => russia-converse-ru
    [order_products_code] => 21123
    [order_products_quantity] => 1
    [order_products_price] => 7990.00
    [order_products_margin] => 7990
    [order_quantity] => 1
    [order_totalsumm] => 3790
    [order_marginsumm] => 3790
    [order_createdat] => 2016-03-12 15:39
    [order_utm_content] => 
    [order_utm_campaign] => 
    [order_utm_term] => 
    [order_utm_medium] => 
    [order_utm_source] => 
)
============================================================
Запрос от: 12-03-2016 15:43:09
Array
(
    [order_id] => 33015
    [order_number] => 33015C
    [order_new_status] => staraya-baza
    [order_old_status] => 
    [order_site_code] => russia-converse-ru
    [order_products_code] => 21024_1044017
    [order_products_quantity] => 1
    [order_products_price] => 6890.00
    [order_products_margin] => 6890
    [order_quantity] => 1
    [order_totalsumm] => 3390
    [order_marginsumm] => 3390
    [order_createdat] => 2016-03-12 15:43
    [order_utm_content] => 
    [order_utm_campaign] => 
    [order_utm_term] => 
    [order_utm_medium] => 
    [order_utm_source] => 
)
============================================================
Запрос от: 12-03-2016 15:47:55
Array
(
    [order_id] => 33016
    [order_number] => 33016C
    [order_new_status] => staraya-baza
    [order_old_status] => 
    [order_site_code] => russia-converse-ru
    [order_products_code] => 21123
    [order_products_quantity] => 1
    [order_products_price] => 7990.00
    [order_products_margin] => 7990
    [order_quantity] => 1
    [order_totalsumm] => 4640
    [order_marginsumm] => 3810
    [order_createdat] => 2016-03-12 15:47
    [order_utm_content] => 
    [order_utm_campaign] => 
    [order_utm_term] => 
    [order_utm_medium] => 
    [order_utm_source] => 
)
============================================================
Запрос от: 12-03-2016 15:51:52
Array
(
    [order_id] => 33017
    [order_number] => 33017C
    [order_new_status] => staraya-baza
    [order_old_status] => 
    [order_site_code] => russia-converse-ru
    [order_products_code] => 21123
    [order_products_quantity] => 1
    [order_products_price] => 7990.00
    [order_products_margin] => 7990
    [order_quantity] => 1
    [order_totalsumm] => 4120
    [order_marginsumm] => 3815
    [order_createdat] => 2016-03-12 15:51
    [order_utm_content] => 
    [order_utm_campaign] => 
    [order_utm_term] => 
    [order_utm_medium] => 
    [order_utm_source] => 
)
============================================================
Запрос от: 12-03-2016 16:34:13
Array
(
    [order_id] => 33019
    [order_number] => 33019C
    [order_new_status] => staraya-baza
    [order_old_status] => 
    [order_site_code] => russia-converse-ru
    [order_products_code] => 21210
    [order_products_quantity] => 1
    [order_products_price] => 6990.00
    [order_products_margin] => 6990
    [order_quantity] => 1
    [order_totalsumm] => 6990
    [order_marginsumm] => 6990
    [order_createdat] => 2016-03-12 16:34
    [order_utm_content] => 
    [order_utm_campaign] => 
    [order_utm_term] => 
    [order_utm_medium] => 
    [order_utm_source] => 
)
============================================================
Запрос от: 12-03-2016 17:48:58
Array
(
    [order_id] => 33020
    [order_number] => 33020C
    [order_new_status] => staraya-baza
    [order_old_status] => 
    [order_site_code] => russia-converse-ru
    [order_products_code] => 21611_698
    [order_products_quantity] => 1
    [order_products_price] => 9990.00
    [order_products_margin] => 9990
    [order_quantity] => 1
    [order_totalsumm] => 4290
    [order_marginsumm] => 4290
    [order_createdat] => 2016-03-12 17:48
    [order_utm_content] => 
    [order_utm_campaign] => 
    [order_utm_term] => 
    [order_utm_medium] => 
    [order_utm_source] => 
)
============================================================
Запрос от: 13-03-2016 11:10:44
Array
(
    [order_id] => 33023
    [order_number] => 33023C
    [order_new_status] => staraya-baza
    [order_old_status] => 
    [order_site_code] => russia-converse-ru
    [order_products_code] => 21611
    [order_products_quantity] => 1
    [order_products_price] => 9990.00
    [order_products_margin] => 9990
    [order_quantity] => 1
    [order_totalsumm] => 9990
    [order_marginsumm] => 9990
    [order_createdat] => 2016-03-13 11:10
    [order_utm_content] => 
    [order_utm_campaign] => 
    [order_utm_term] => 
    [order_utm_medium] => 
    [order_utm_source] => 
)
============================================================
Запрос от: 13-03-2016 11:19:35
Array
(
    [order_id] => 33025
    [order_number] => 33025C
    [order_new_status] => staraya-baza
    [order_old_status] => 
    [order_site_code] => russia-converse-ru
    [order_products_code] => 21611
    [order_products_quantity] => 1
    [order_products_price] => 9990.00
    [order_products_margin] => 9990
    [order_quantity] => 1
    [order_totalsumm] => 3390
    [order_marginsumm] => 3390
    [order_createdat] => 2016-03-13 11:19
    [order_utm_content] => 
    [order_utm_campaign] => 
    [order_utm_term] => 
    [order_utm_medium] => 
    [order_utm_source] => 
)
============================================================
Запрос от: 13-03-2016 16:03:22
Array
(
    [order_id] => 33031
    [order_number] => 33031C
    [order_new_status] => staraya-baza
    [order_old_status] => 
    [order_site_code] => russia-converse-ru
    [order_products_code] => 
    [order_products_quantity] => 
    [order_products_price] => 
    [order_products_margin] => 
    [order_quantity] => 0
    [order_totalsumm] => 0
    [order_marginsumm] => 0
    [order_createdat] => 2016-03-13 16:03
    [order_utm_content] => 
    [order_utm_campaign] => 
    [order_utm_term] => 
    [order_utm_medium] => 
    [order_utm_source] => 
)
============================================================
Запрос от: 13-03-2016 16:07:26
Array
(
    [order_id] => 33032
    [order_number] => 33032C
    [order_new_status] => staraya-baza
    [order_old_status] => 
    [order_site_code] => russia-converse-ru
    [order_products_code] => 
    [order_products_quantity] => 
    [order_products_price] => 
    [order_products_margin] => 
    [order_quantity] => 0
    [order_totalsumm] => 0
    [order_marginsumm] => 0
    [order_createdat] => 2016-03-13 16:07
    [order_utm_content] => 
    [order_utm_campaign] => 
    [order_utm_term] => 
    [order_utm_medium] => 
    [order_utm_source] => 
)
============================================================
Запрос от: 13-03-2016 16:09:27
Array
(
    [order_id] => 33033
    [order_number] => 33033C
    [order_new_status] => staraya-baza
    [order_old_status] => 
    [order_site_code] => russia-converse-ru
    [order_products_code] => 
    [order_products_quantity] => 
    [order_products_price] => 
    [order_products_margin] => 
    [order_quantity] => 0
    [order_totalsumm] => 0
    [order_marginsumm] => 0
    [order_createdat] => 2016-03-13 16:09
    [order_utm_content] => 
    [order_utm_campaign] => 
    [order_utm_term] => 
    [order_utm_medium] => 
    [order_utm_source] => 
)
============================================================
Запрос от: 13-03-2016 16:13:24
Array
(
    [order_id] => 33034
    [order_number] => 33034C
    [order_new_status] => staraya-baza
    [order_old_status] => 
    [order_site_code] => russia-converse-ru
    [order_products_code] => 
    [order_products_quantity] => 
    [order_products_price] => 
    [order_products_margin] => 
    [order_quantity] => 0
    [order_totalsumm] => 0
    [order_marginsumm] => 0
    [order_createdat] => 2016-03-13 16:13
    [order_utm_content] => 
    [order_utm_campaign] => 
    [order_utm_term] => 
    [order_utm_medium] => 
    [order_utm_source] => 
)
============================================================
Запрос от: 13-03-2016 16:15:58
Array
(
    [order_id] => 33035
    [order_number] => 33035C
    [order_new_status] => staraya-baza
    [order_old_status] => 
    [order_site_code] => russia-converse-ru
    [order_products_code] => 
    [order_products_quantity] => 
    [order_products_price] => 
    [order_products_margin] => 
    [order_quantity] => 0
    [order_totalsumm] => 0
    [order_marginsumm] => 0
    [order_createdat] => 2016-03-13 16:15
    [order_utm_content] => 
    [order_utm_campaign] => 
    [order_utm_term] => 
    [order_utm_medium] => 
    [order_utm_source] => 
)
============================================================
Запрос от: 13-03-2016 16:18:36
Array
(
    [order_id] => 33036
    [order_number] => 33036C
    [order_new_status] => staraya-baza
    [order_old_status] => 
    [order_site_code] => russia-converse-ru
    [order_products_code] => 
    [order_products_quantity] => 
    [order_products_price] => 
    [order_products_margin] => 
    [order_quantity] => 0
    [order_totalsumm] => 0
    [order_marginsumm] => 0
    [order_createdat] => 2016-03-13 16:18
    [order_utm_content] => 
    [order_utm_campaign] => 
    [order_utm_term] => 
    [order_utm_medium] => 
    [order_utm_source] => 
)
============================================================
Запрос от: 13-03-2016 16:19:52
Array
(
    [order_id] => 33037
    [order_number] => 33037C
    [order_new_status] => staraya-baza
    [order_old_status] => 
    [order_site_code] => russia-converse-ru
    [order_products_code] => 
    [order_products_quantity] => 
    [order_products_price] => 
    [order_products_margin] => 
    [order_quantity] => 0
    [order_totalsumm] => 0
    [order_marginsumm] => 0
    [order_createdat] => 2016-03-13 16:19
    [order_utm_content] => 
    [order_utm_campaign] => 
    [order_utm_term] => 
    [order_utm_medium] => 
    [order_utm_source] => 
)
============================================================
Запрос от: 13-03-2016 16:21:43
Array
(
    [order_id] => 33038
    [order_number] => 33038C
    [order_new_status] => staraya-baza
    [order_old_status] => 
    [order_site_code] => russia-converse-ru
    [order_products_code] => 
    [order_products_quantity] => 
    [order_products_price] => 
    [order_products_margin] => 
    [order_quantity] => 0
    [order_totalsumm] => 0
    [order_marginsumm] => 0
    [order_createdat] => 2016-03-13 16:21
    [order_utm_content] => 
    [order_utm_campaign] => 
    [order_utm_term] => 
    [order_utm_medium] => 
    [order_utm_source] => 
)
============================================================
Запрос от: 13-03-2016 16:22:26
Array
(
    [order_id] => 33039
    [order_number] => 33039C
    [order_new_status] => staraya-baza
    [order_old_status] => 
    [order_site_code] => russia-converse-ru
    [order_products_code] => 
    [order_products_quantity] => 
    [order_products_price] => 
    [order_products_margin] => 
    [order_quantity] => 0
    [order_totalsumm] => 0
    [order_marginsumm] => 0
    [order_createdat] => 2016-03-13 16:22
    [order_utm_content] => 
    [order_utm_campaign] => 
    [order_utm_term] => 
    [order_utm_medium] => 
    [order_utm_source] => 
)
============================================================
Запрос от: 13-03-2016 16:23:53
Array
(
    [order_id] => 33040
    [order_number] => 33040C
    [order_new_status] => staraya-baza
    [order_old_status] => 
    [order_site_code] => russia-converse-ru
    [order_products_code] => 
    [order_products_quantity] => 
    [order_products_price] => 
    [order_products_margin] => 
    [order_quantity] => 0
    [order_totalsumm] => 0
    [order_marginsumm] => 0
    [order_createdat] => 2016-03-13 16:23
    [order_utm_content] => 
    [order_utm_campaign] => 
    [order_utm_term] => 
    [order_utm_medium] => 
    [order_utm_source] => 
)
============================================================
Запрос от: 13-03-2016 16:37:04
Array
(
    [order_id] => 33043
    [order_number] => 33043C
    [order_new_status] => staraya-baza
    [order_old_status] => 
    [order_site_code] => russia-converse-ru
    [order_products_code] => 
    [order_products_quantity] => 
    [order_products_price] => 
    [order_products_margin] => 
    [order_quantity] => 0
    [order_totalsumm] => 0
    [order_marginsumm] => 0
    [order_createdat] => 2016-03-13 16:37
    [order_utm_content] => 
    [order_utm_campaign] => 
    [order_utm_term] => 
    [order_utm_medium] => 
    [order_utm_source] => 
)
============================================================
Запрос от: 13-03-2016 16:38:40
Array
(
    [order_id] => 33044
    [order_number] => 33044C
    [order_new_status] => staraya-baza
    [order_old_status] => 
    [order_site_code] => russia-converse-ru
    [order_products_code] => 
    [order_products_quantity] => 
    [order_products_price] => 
    [order_products_margin] => 
    [order_quantity] => 0
    [order_totalsumm] => 0
    [order_marginsumm] => 0
    [order_createdat] => 2016-03-13 16:38
    [order_utm_content] => 
    [order_utm_campaign] => 
    [order_utm_term] => 
    [order_utm_medium] => 
    [order_utm_source] => 
)
============================================================
Запрос от: 13-03-2016 16:40:30
Array
(
    [order_id] => 33046
    [order_number] => 33046C
    [order_new_status] => staraya-baza
    [order_old_status] => 
    [order_site_code] => russia-converse-ru
    [order_products_code] => 
    [order_products_quantity] => 
    [order_products_price] => 
    [order_products_margin] => 
    [order_quantity] => 0
    [order_totalsumm] => 0
    [order_marginsumm] => 0
    [order_createdat] => 2016-03-13 16:40
    [order_utm_content] => 
    [order_utm_campaign] => 
    [order_utm_term] => 
    [order_utm_medium] => 
    [order_utm_source] => 
)
============================================================
Запрос от: 13-03-2016 16:41:39
Array
(
    [order_id] => 33047
    [order_number] => 33047C
    [order_new_status] => staraya-baza
    [order_old_status] => 
    [order_site_code] => russia-converse-ru
    [order_products_code] => 
    [order_products_quantity] => 
    [order_products_price] => 
    [order_products_margin] => 
    [order_quantity] => 0
    [order_totalsumm] => 0
    [order_marginsumm] => 0
    [order_createdat] => 2016-03-13 16:41
    [order_utm_content] => 
    [order_utm_campaign] => 
    [order_utm_term] => 
    [order_utm_medium] => 
    [order_utm_source] => 
)
============================================================
Запрос от: 13-03-2016 16:44:12
Array
(
    [order_id] => 33048
    [order_number] => 33048C
    [order_new_status] => staraya-baza
    [order_old_status] => 
    [order_site_code] => russia-converse-ru
    [order_products_code] => 
    [order_products_quantity] => 
    [order_products_price] => 
    [order_products_margin] => 
    [order_quantity] => 0
    [order_totalsumm] => 0
    [order_marginsumm] => 0
    [order_createdat] => 2016-03-13 16:44
    [order_utm_content] => 
    [order_utm_campaign] => 
    [order_utm_term] => 
    [order_utm_medium] => 
    [order_utm_source] => 
)
============================================================
Запрос от: 13-03-2016 16:46:24
Array
(
    [order_id] => 33049
    [order_number] => 33049C
    [order_new_status] => staraya-baza
    [order_old_status] => 
    [order_site_code] => russia-converse-ru
    [order_products_code] => 
    [order_products_quantity] => 
    [order_products_price] => 
    [order_products_margin] => 
    [order_quantity] => 0
    [order_totalsumm] => 0
    [order_marginsumm] => 0
    [order_createdat] => 2016-03-13 16:46
    [order_utm_content] => 
    [order_utm_campaign] => 
    [order_utm_term] => 
    [order_utm_medium] => 
    [order_utm_source] => 
)
============================================================
Запрос от: 13-03-2016 16:47:12
Array
(
    [order_id] => 33050
    [order_number] => 33050C
    [order_new_status] => staraya-baza
    [order_old_status] => 
    [order_site_code] => russia-converse-ru
    [order_products_code] => 
    [order_products_quantity] => 
    [order_products_price] => 
    [order_products_margin] => 
    [order_quantity] => 0
    [order_totalsumm] => 0
    [order_marginsumm] => 0
    [order_createdat] => 2016-03-13 16:47
    [order_utm_content] => 
    [order_utm_campaign] => 
    [order_utm_term] => 
    [order_utm_medium] => 
    [order_utm_source] => 
)
============================================================
Запрос от: 13-03-2016 16:50:36
Array
(
    [order_id] => 33051
    [order_number] => 33051C
    [order_new_status] => staraya-baza
    [order_old_status] => 
    [order_site_code] => russia-converse-ru
    [order_products_code] => 
    [order_products_quantity] => 
    [order_products_price] => 
    [order_products_margin] => 
    [order_quantity] => 0
    [order_totalsumm] => 0
    [order_marginsumm] => 0
    [order_createdat] => 2016-03-13 16:50
    [order_utm_content] => 
    [order_utm_campaign] => 
    [order_utm_term] => 
    [order_utm_medium] => 
    [order_utm_source] => 
)
============================================================
Запрос от: 14-03-2016 12:07:13
Array
(
    [order_id] => 33061
    [order_number] => 33061C
    [order_new_status] => staraya-baza
    [order_old_status] => 
    [order_site_code] => russia-converse-ru
    [order_products_code] => 
    [order_products_quantity] => 
    [order_products_price] => 
    [order_products_margin] => 
    [order_quantity] => 0
    [order_totalsumm] => 0
    [order_marginsumm] => 0
    [order_createdat] => 2016-03-14 12:07
    [order_utm_content] => 
    [order_utm_campaign] => 
    [order_utm_term] => 
    [order_utm_medium] => 
    [order_utm_source] => 
)
============================================================